<?xml version="1.0" encoding="UTF-8"?>
<!-- Generated by org.testng.reporters.JUnitReportReporter -->
<testsuite skipped="0" hostname="NISHANT" name="TestNgNew.TestNGInvocationCount" tests="4" failures="0" timestamp="2021-04-25T16:04:57 IST" time="0.050" errors="0">
  <testcase name="m1" time="0.004" classname="TestNgNew.TestNGInvocationCount"/>
  <system-out/>
  <testcase name="m1" time="0.012" classname="TestNgNew.TestNGInvocationCount"/>
  <system-out/>
  <testcase name="m1" time="0.006" classname="TestNgNew.TestNGInvocationCount"/>
  <system-out/>
  <testcase name="m1" time="0.028" classname="TestNgNew.TestNGInvocationCount"/>
  <system-out/>
</testsuite> <!-- TestNgNew.TestNGInvocationCount -->
