<?xml version="1.0" encoding="UTF-8"?>
<!-- Generated by org.testng.reporters.JUnitReportReporter -->
<testsuite skipped="0" hostname="NISHANT" name="TestNgNew.NewTest" tests="4" failures="0" timestamp="2021-04-25T11:49:01 IST" time="0.037" errors="0">
  <testcase name="m3" time="0.014" classname="TestNgNew.NewTest"/>
  <system-out/>
  <testcase name="m4" time="0.009" classname="TestNgNew.NewTest"/>
  <system-out/>
  <testcase name="m5" time="0.009" classname="TestNgNew.NewTest"/>
  <system-out/>
  <testcase name="m6" time="0.005" classname="TestNgNew.NewTest"/>
  <system-out/>
</testsuite> <!-- TestNgNew.NewTest -->
