<?xml version="1.0" encoding="UTF-8"?>
<!-- Generated by org.testng.reporters.JUnitReportReporter -->
<testsuite skipped="0" hostname="NISHANT" name="TestNgNew.TestNgDataProvider" tests="2" failures="0" timestamp="2021-04-25T13:51:09 IST" time="0.027" errors="0">
  <testcase name="m1" time="0.005" classname="TestNgNew.TestNgDataProvider"/>
  <system-out/>
  <testcase name="m1" time="0.022" classname="TestNgNew.TestNgDataProvider"/>
  <system-out/>
</testsuite> <!-- TestNgNew.TestNgDataProvider -->
